<?xml version="1.0" encoding="UTF-8"?>
<!-- Generated by org.testng.reporters.JUnitXMLReporter -->
<testsuite ignored="4" hostname="LAPTOP-HN4UC1CH" failures="0" tests="3" name="Test" time="78.768" errors="0" timestamp="21 Oct 2022 04:51:03 GMT">
  <testcase classname="TsestNGclassesTest.BaseTestimplimentsOrg1Test" name="Createorg" time="12.76"/>
  <testcase classname="TsestNGclassesTest.BaseTestimplimentsOrg2Test" name="OrgwithIndustype" time="14.113"/>
  <testcase classname="TsestNGclassesTest.BasetestimpwithcontactsOrg3Test" name="OrgwithConType" time="21.39"/>
  <testcase classname="com.genericutility.BaseclassTest" name="@AfterSuite Disconnectingdatabase" time="0.0">
    <ignored/>
  </testcase> <!-- @AfterSuite Disconnectingdatabase -->
  <testcase classname="com.genericutility.BaseclassTest" name="@AfterSuite Disconnectingdatabase" time="0.0">
    <ignored/>
  </testcase> <!-- @AfterSuite Disconnectingdatabase -->
  <testcase classname="com.genericutility.BaseclassTest" name="@BeforeSuite connectingdatabase" time="0.0">
    <ignored/>
  </testcase> <!-- @BeforeSuite connectingdatabase -->
  <testcase classname="com.genericutility.BaseclassTest" name="@BeforeSuite connectingdatabase" time="0.0">
    <ignored/>
  </testcase> <!-- @BeforeSuite connectingdatabase -->
</testsuite> <!-- Test -->
