<?xml version="1.0" encoding="UTF-8"?>
<!-- Generated by org.testng.reporters.JUnitXMLReporter -->
<testsuite ignored="4" hostname="LAPTOP-HN4UC1CH" failures="0" tests="3" name="Test" time="122.352" errors="0" timestamp="20 Oct 2022 14:16:22 GMT">
  <testcase classname="TsestNGclassesTest.BaseTestimplimentsOrg1Test" name="Createorg" time="24.748"/>
  <testcase classname="TsestNGclassesTest.BaseTestimplimentsOrg2Test" name="OrgwithIndustype" time="18.272"/>
  <testcase classname="TsestNGclassesTest.BasetestimpwithcontactsOrg3Test" name="OrgwithConType" time="27.146"/>
  <testcase classname="com.genericutility.BaseclassTest" name="@AfterSuite Disconnectingdatabase" time="0.0">
    <ignored/>
  </testcase> <!-- @AfterSuite Disconnectingdatabase -->
  <testcase classname="com.genericutility.BaseclassTest" name="@AfterSuite Disconnectingdatabase" time="0.0">
    <ignored/>
  </testcase> <!-- @AfterSuite Disconnectingdatabase -->
  <testcase classname="com.genericutility.BaseclassTest" name="@BeforeSuite connectingdatabase" time="0.0">
    <ignored/>
  </testcase> <!-- @BeforeSuite connectingdatabase -->
  <testcase classname="com.genericutility.BaseclassTest" name="@BeforeSuite connectingdatabase" time="0.0">
    <ignored/>
  </testcase> <!-- @BeforeSuite connectingdatabase -->
</testsuite> <!-- Test -->
