<?xml version="1.0" encoding="UTF-8"?>
<testng-results ignored="4" total="7" passed="3" failed="0" skipped="0">
  <reporter-output>
  </reporter-output>
  <suite started-at="2022-10-21T04:49:44Z" name="Suite" finished-at="2022-10-21T04:51:03Z" duration-ms="78768">
    <groups>
      <group name="smoke">
        <method signature="BaseTestimplimentsOrg1Test.Createorg()[pri:0, instance:TsestNGclassesTest.BaseTestimplimentsOrg1Test@49c66ade]" name="Createorg" class="TsestNGclassesTest.BaseTestimplimentsOrg1Test"/>
        <method signature="BaseTestimplimentsOrg2Test.OrgwithIndustype()[pri:0, instance:TsestNGclassesTest.BaseTestimplimentsOrg2Test@6239aba6]" name="OrgwithIndustype" class="TsestNGclassesTest.BaseTestimplimentsOrg2Test"/>
        <method signature="BasetestimpwithcontactsOrg3Test.OrgwithConType()[pri:0, instance:TsestNGclassesTest.BasetestimpwithcontactsOrg3Test@3e6104fc]" name="OrgwithConType" class="TsestNGclassesTest.BasetestimpwithcontactsOrg3Test"/>
      </group> <!-- smoke -->
      <group name="Regression">
        <method signature="BaseTestimplimentsOrg1Test.Createorg()[pri:0, instance:TsestNGclassesTest.BaseTestimplimentsOrg1Test@49c66ade]" name="Createorg" class="TsestNGclassesTest.BaseTestimplimentsOrg1Test"/>
        <method signature="BaseTestimplimentsOrg2Test.OrgwithIndustype()[pri:0, instance:TsestNGclassesTest.BaseTestimplimentsOrg2Test@6239aba6]" name="OrgwithIndustype" class="TsestNGclassesTest.BaseTestimplimentsOrg2Test"/>
        <method signature="BasetestimpwithcontactsOrg3Test.OrgwithConType()[pri:0, instance:TsestNGclassesTest.BasetestimpwithcontactsOrg3Test@3e6104fc]" name="OrgwithConType" class="TsestNGclassesTest.BasetestimpwithcontactsOrg3Test"/>
      </group> <!-- Regression -->
      <group name="integration">
        <method signature="BaseTestimplimentsOrg1Test.Createorg()[pri:0, instance:TsestNGclassesTest.BaseTestimplimentsOrg1Test@49c66ade]" name="Createorg" class="TsestNGclassesTest.BaseTestimplimentsOrg1Test"/>
        <method signature="BaseTestimplimentsOrg2Test.OrgwithIndustype()[pri:0, instance:TsestNGclassesTest.BaseTestimplimentsOrg2Test@6239aba6]" name="OrgwithIndustype" class="TsestNGclassesTest.BaseTestimplimentsOrg2Test"/>
        <method signature="BasetestimpwithcontactsOrg3Test.OrgwithConType()[pri:0, instance:TsestNGclassesTest.BasetestimpwithcontactsOrg3Test@3e6104fc]" name="OrgwithConType" class="TsestNGclassesTest.BasetestimpwithcontactsOrg3Test"/>
      </group> <!-- integration -->
    </groups>
    <test started-at="2022-10-21T04:49:44Z" name="Test" finished-at="2022-10-21T04:51:03Z" duration-ms="78768">
      <class name="TsestNGclassesTest.BaseTestimplimentsOrg2Test">
        <test-method is-config="true" signature="launchbrowser()[pri:0, instance:TsestNGclassesTest.BaseTestimplimentsOrg2Test@6239aba6]" started-at="2022-10-21T04:50:10Z" name="launchbrowser" finished-at="2022-10-21T04:50:12Z" duration-ms="2800" status="PASS">
          <reporter-output>
          </reporter-output>
        </test-method> <!-- launchbrowser -->
        <test-method is-config="true" signature="login()[pri:0, instance:TsestNGclassesTest.BaseTestimplimentsOrg2Test@6239aba6]" started-at="2022-10-21T04:50:12Z" name="login" finished-at="2022-10-21T04:50:16Z" duration-ms="3350" status="PASS">
          <reporter-output>
          </reporter-output>
        </test-method> <!-- login -->
        <test-method signature="OrgwithIndustype()[pri:0, instance:TsestNGclassesTest.BaseTestimplimentsOrg2Test@6239aba6]" started-at="2022-10-21T04:50:16Z" name="OrgwithIndustype" finished-at="2022-10-21T04:50:30Z" duration-ms="14113" status="PASS">
          <reporter-output>
          </reporter-output>
        </test-method> <!-- OrgwithIndustype -->
        <test-method is-config="true" signature="logout()[pri:0, instance:TsestNGclassesTest.BaseTestimplimentsOrg2Test@6239aba6]" started-at="2022-10-21T04:50:30Z" name="logout" finished-at="2022-10-21T04:50:32Z" duration-ms="2260" status="PASS">
          <reporter-output>
          </reporter-output>
        </test-method> <!-- logout -->
        <test-method is-config="true" signature="closebrowser()[pri:0, instance:TsestNGclassesTest.BaseTestimplimentsOrg2Test@6239aba6]" started-at="2022-10-21T04:50:32Z" name="closebrowser" finished-at="2022-10-21T04:50:32Z" duration-ms="338" status="PASS">
          <reporter-output>
          </reporter-output>
        </test-method> <!-- closebrowser -->
      </class> <!-- TsestNGclassesTest.BaseTestimplimentsOrg2Test -->
      <class name="TsestNGclassesTest.BasetestimpwithcontactsOrg3Test">
        <test-method is-config="true" signature="launchbrowser()[pri:0, instance:TsestNGclassesTest.BasetestimpwithcontactsOrg3Test@3e6104fc]" started-at="2022-10-21T04:50:32Z" name="launchbrowser" finished-at="2022-10-21T04:50:35Z" duration-ms="3040" status="PASS">
          <reporter-output>
          </reporter-output>
        </test-method> <!-- launchbrowser -->
        <test-method is-config="true" signature="login()[pri:0, instance:TsestNGclassesTest.BasetestimpwithcontactsOrg3Test@3e6104fc]" started-at="2022-10-21T04:50:35Z" name="login" finished-at="2022-10-21T04:50:39Z" duration-ms="3758" status="PASS">
          <reporter-output>
          </reporter-output>
        </test-method> <!-- login -->
        <test-method signature="OrgwithConType()[pri:0, instance:TsestNGclassesTest.BasetestimpwithcontactsOrg3Test@3e6104fc]" started-at="2022-10-21T04:50:39Z" name="OrgwithConType" finished-at="2022-10-21T04:51:01Z" duration-ms="21390" status="PASS">
          <reporter-output>
          </reporter-output>
        </test-method> <!-- OrgwithConType -->
        <test-method is-config="true" signature="logout()[pri:0, instance:TsestNGclassesTest.BasetestimpwithcontactsOrg3Test@3e6104fc]" started-at="2022-10-21T04:51:01Z" name="logout" finished-at="2022-10-21T04:51:02Z" duration-ms="1712" status="PASS">
          <reporter-output>
          </reporter-output>
        </test-method> <!-- logout -->
        <test-method is-config="true" signature="closebrowser()[pri:0, instance:TsestNGclassesTest.BasetestimpwithcontactsOrg3Test@3e6104fc]" started-at="2022-10-21T04:51:02Z" name="closebrowser" finished-at="2022-10-21T04:51:03Z" duration-ms="282" status="PASS">
          <reporter-output>
          </reporter-output>
        </test-method> <!-- closebrowser -->
      </class> <!-- TsestNGclassesTest.BasetestimpwithcontactsOrg3Test -->
      <class name="TsestNGclassesTest.BaseTestimplimentsOrg1Test">
        <test-method is-config="true" signature="connectingdatabase()[pri:0, instance:TsestNGclassesTest.BaseTestimplimentsOrg1Test@49c66ade]" started-at="2022-10-21T04:49:44Z" name="connectingdatabase" finished-at="2022-10-21T04:49:44Z" duration-ms="17" status="PASS">
          <reporter-output>
          </reporter-output>
        </test-method> <!-- connectingdatabase -->
        <test-method is-config="true" signature="launchbrowser()[pri:0, instance:TsestNGclassesTest.BaseTestimplimentsOrg1Test@49c66ade]" started-at="2022-10-21T04:49:44Z" name="launchbrowser" finished-at="2022-10-21T04:49:50Z" duration-ms="6070" status="PASS">
          <reporter-output>
          </reporter-output>
        </test-method> <!-- launchbrowser -->
        <test-method is-config="true" signature="login()[pri:0, instance:TsestNGclassesTest.BaseTestimplimentsOrg1Test@49c66ade]" started-at="2022-10-21T04:49:50Z" name="login" finished-at="2022-10-21T04:49:54Z" duration-ms="4080" status="PASS">
          <reporter-output>
          </reporter-output>
        </test-method> <!-- login -->
        <test-method signature="Createorg()[pri:0, instance:TsestNGclassesTest.BaseTestimplimentsOrg1Test@49c66ade]" started-at="2022-10-21T04:49:54Z" name="Createorg" finished-at="2022-10-21T04:50:07Z" duration-ms="12760" status="PASS">
          <reporter-output>
          </reporter-output>
        </test-method> <!-- Createorg -->
        <test-method is-config="true" signature="logout()[pri:0, instance:TsestNGclassesTest.BaseTestimplimentsOrg1Test@49c66ade]" started-at="2022-10-21T04:50:07Z" name="logout" finished-at="2022-10-21T04:50:09Z" duration-ms="2439" status="PASS">
          <reporter-output>
          </reporter-output>
        </test-method> <!-- logout -->
        <test-method is-config="true" signature="closebrowser()[pri:0, instance:TsestNGclassesTest.BaseTestimplimentsOrg1Test@49c66ade]" started-at="2022-10-21T04:50:09Z" name="closebrowser" finished-at="2022-10-21T04:50:09Z" duration-ms="334" status="PASS">
          <reporter-output>
          </reporter-output>
        </test-method> <!-- closebrowser -->
        <test-method is-config="true" signature="Disconnectingdatabase()[pri:0, instance:TsestNGclassesTest.BaseTestimplimentsOrg1Test@49c66ade]" started-at="2022-10-21T04:51:03Z" name="Disconnectingdatabase" finished-at="2022-10-21T04:51:03Z" duration-ms="1" status="PASS">
          <reporter-output>
          </reporter-output>
        </test-method> <!-- Disconnectingdatabase -->
      </class> <!-- TsestNGclassesTest.BaseTestimplimentsOrg1Test -->
    </test> <!-- Test -->
  </suite> <!-- Suite -->
</testng-results>
