<?xml version="1.0" encoding="UTF-8"?>
<!-- Generated by org.testng.reporters.JUnitXMLReporter -->
<testsuite ignored="4" hostname="LAPTOP-HN4UC1CH" failures="0" tests="3" name="Test" time="118.241" errors="0" timestamp="2022-11-01T17:27:22 IST">
  <testcase classname="TsestNGclassesTest.BaseTestimplimentsOrg1Test" name="Createorg" time="22.159"/>
  <testcase classname="TsestNGclassesTest.BaseTestimplimentsOrg2Test" name="OrgwithIndustype" time="14.626"/>
  <testcase classname="TsestNGclassesTest.BasetestimpwithcontactsOrg3Test" name="OrgwithConType" time="24.064"/>
  <testcase classname="com.genericutility.BaseclassTest" name="@BeforeSuite connectingdatabase" time="0.0">
    <ignored/>
  </testcase> <!-- @BeforeSuite connectingdatabase -->
  <testcase classname="com.genericutility.BaseclassTest" name="@BeforeSuite connectingdatabase" time="0.0">
    <ignored/>
  </testcase> <!-- @BeforeSuite connectingdatabase -->
  <testcase classname="com.genericutility.BaseclassTest" name="@AfterSuite Disconnectingdatabase" time="0.0">
    <ignored/>
  </testcase> <!-- @AfterSuite Disconnectingdatabase -->
  <testcase classname="com.genericutility.BaseclassTest" name="@AfterSuite Disconnectingdatabase" time="0.0">
    <ignored/>
  </testcase> <!-- @AfterSuite Disconnectingdatabase -->
</testsuite> <!-- Test -->
