<?xml version="1.0" encoding="UTF-8"?>
<testng-results ignored="1" total="2" passed="1" failed="0" skipped="0">
  <reporter-output>
  </reporter-output>
  <suite started-at="2022-10-20T19:55:44 IST" name="Suite" finished-at="2022-10-20T19:55:44 IST" duration-ms="89">
    <groups>
      <group name="integration">
        <method signature="tagsclassTest.demo1()[pri:0, instance:TsestNGclassesTest.tagsclassTest@4f80542f]" name="demo1" class="TsestNGclassesTest.tagsclassTest"/>
      </group> <!-- integration -->
    </groups>
    <test started-at="2022-10-20T19:55:44 IST" name="Test" finished-at="2022-10-20T19:55:44 IST" duration-ms="89">
      <class name="TsestNGclassesTest.tagsclassTest">
        <test-method is-config="true" signature="beforesuit()[pri:0, instance:TsestNGclassesTest.tagsclassTest@4f80542f]" started-at="2022-10-20T19:55:44 IST" name="beforesuit" finished-at="2022-10-20T19:55:44 IST" duration-ms="13" status="PASS">
          <reporter-output>
          </reporter-output>
        </test-method> <!-- beforesuit -->
        <test-method is-config="true" signature="bt()[pri:0, instance:TsestNGclassesTest.tagsclassTest@4f80542f]" started-at="2022-10-20T19:55:44 IST" name="bt" finished-at="2022-10-20T19:55:44 IST" duration-ms="1" status="PASS">
          <reporter-output>
          </reporter-output>
        </test-method> <!-- bt -->
        <test-method is-config="true" signature="bc()[pri:0, instance:TsestNGclassesTest.tagsclassTest@4f80542f]" started-at="2022-10-20T19:55:44 IST" name="bc" finished-at="2022-10-20T19:55:44 IST" duration-ms="2" status="PASS">
          <reporter-output>
          </reporter-output>
        </test-method> <!-- bc -->
        <test-method is-config="true" signature="bm()[pri:0, instance:TsestNGclassesTest.tagsclassTest@4f80542f]" started-at="2022-10-20T19:55:44 IST" name="bm" finished-at="2022-10-20T19:55:44 IST" duration-ms="0" status="PASS">
          <reporter-output>
          </reporter-output>
        </test-method> <!-- bm -->
        <test-method signature="demo1()[pri:0, instance:TsestNGclassesTest.tagsclassTest@4f80542f]" started-at="2022-10-20T19:55:44 IST" name="demo1" finished-at="2022-10-20T19:55:44 IST" duration-ms="8" status="PASS">
          <reporter-output>
          </reporter-output>
        </test-method> <!-- demo1 -->
        <test-method is-config="true" signature="am()[pri:0, instance:TsestNGclassesTest.tagsclassTest@4f80542f]" started-at="2022-10-20T19:55:44 IST" name="am" finished-at="2022-10-20T19:55:44 IST" duration-ms="1" status="PASS">
          <reporter-output>
          </reporter-output>
        </test-method> <!-- am -->
        <test-method is-config="true" signature="ac()[pri:0, instance:TsestNGclassesTest.tagsclassTest@4f80542f]" started-at="2022-10-20T19:55:44 IST" name="ac" finished-at="2022-10-20T19:55:44 IST" duration-ms="0" status="PASS">
          <reporter-output>
          </reporter-output>
        </test-method> <!-- ac -->
        <test-method is-config="true" signature="at()[pri:0, instance:TsestNGclassesTest.tagsclassTest@4f80542f]" started-at="2022-10-20T19:55:44 IST" name="at" finished-at="2022-10-20T19:55:44 IST" duration-ms="2" status="PASS">
          <reporter-output>
          </reporter-output>
        </test-method> <!-- at -->
        <test-method is-config="true" signature="aftersuit()[pri:0, instance:TsestNGclassesTest.tagsclassTest@4f80542f]" started-at="2022-10-20T19:55:44 IST" name="aftersuit" finished-at="2022-10-20T19:55:44 IST" duration-ms="0" status="PASS">
          <reporter-output>
          </reporter-output>
        </test-method> <!-- aftersuit -->
      </class> <!-- TsestNGclassesTest.tagsclassTest -->
    </test> <!-- Test -->
  </suite> <!-- Suite -->
</testng-results>
