<?xml version="1.0" encoding="UTF-8"?>
<testng-results ignored="0" total="1" passed="1" failed="0" skipped="0">
  <reporter-output>
  </reporter-output>
  <suite started-at="2022-10-21T13:22:06 IST" name="Default suite" finished-at="2022-10-21T13:22:16 IST" duration-ms="9381">
    <groups>
    </groups>
    <test started-at="2022-10-21T13:22:06 IST" name="Default test" finished-at="2022-10-21T13:22:16 IST" duration-ms="9381">
      <class name="TsestNGclassesTest.ChromeOptionsclassTest">
        <test-method signature="chromeopt()[pri:0, instance:TsestNGclassesTest.ChromeOptionsclassTest@4fb3ee4e]" started-at="2022-10-21T13:22:06 IST" name="chromeopt" finished-at="2022-10-21T13:22:16 IST" duration-ms="9317" status="PASS">
          <reporter-output>
          </reporter-output>
        </test-method> <!-- chromeopt -->
      </class> <!-- TsestNGclassesTest.ChromeOptionsclassTest -->
    </test> <!-- Default test -->
  </suite> <!-- Default suite -->
</testng-results>
